<?xml version="1.0" encoding="UTF-8" standalone="no"?>
<!DOCTYPE log SYSTEM "logger.dtd">
<log>
<record>
  <date>2023-05-20T11:09:00.814809100Z</date>
  <millis>1684580940814</millis>
  <nanos>809100</nanos>
  <sequence>2</sequence>
  <logger>global</logger>
  <level>INFO</level>
  <class>logging.MyLogger</class>
  <method>setupFromFile</method>
  <thread>1</thread>
  <message>Logger is configured</message>
</record>
<record>
  <date>2023-05-20T11:09:01.055282400Z</date>
  <millis>1684580941055</millis>
  <nanos>282400</nanos>
  <sequence>3</sequence>
  <logger>global</logger>
  <level>INFO</level>
  <class>db.jdbc.JDBCManager</class>
  <method>connect</method>
  <thread>1</thread>
  <message>Se ha inicializado la base de datos</message>
</record>
<record>
  <date>2023-05-20T11:09:01.059284200Z</date>
  <millis>1684580941059</millis>
  <nanos>284200</nanos>
  <sequence>4</sequence>
  <logger>global</logger>
  <level>INFO</level>
  <class>db.jdbc.JDBCManager</class>
  <method>createTables</method>
  <thread>1</thread>
  <message>Tablas inicializadas correctamente</message>
</record>
<record>
  <date>2023-05-20T11:09:01.064976200Z</date>
  <millis>1684580941064</millis>
  <nanos>976200</nanos>
  <sequence>5</sequence>
  <logger>global</logger>
  <level>INFO</level>
  <class>db.jdbc.JDBCManager</class>
  <method>startTables</method>
  <thread>1</thread>
  <message>La tabla de compañias ya esta iniciada</message>
</record>
<record>
  <date>2023-05-20T11:09:01.065979100Z</date>
  <millis>1684580941065</millis>
  <nanos>979100</nanos>
  <sequence>6</sequence>
  <logger>global</logger>
  <level>INFO</level>
  <class>db.jdbc.JDBCManager</class>
  <method>startTables</method>
  <thread>1</thread>
  <message>La tabla de aeropuertos ya esta iniciada</message>
</record>
<record>
  <date>2023-05-20T11:09:01.066979800Z</date>
  <millis>1684580941066</millis>
  <nanos>979800</nanos>
  <sequence>7</sequence>
  <logger>global</logger>
  <level>INFO</level>
  <class>db.jdbc.JDBCManager</class>
  <method>startTables</method>
  <thread>1</thread>
  <message>Tablas inicializadas</message>
</record>
