<?xml version="1.0" encoding="UTF-8" standalone="no"?>
<!DOCTYPE log SYSTEM "logger.dtd">
<log>
<record>
  <date>2023-05-17T14:36:51.436026900Z</date>
  <millis>1684334211436</millis>
  <nanos>26900</nanos>
  <sequence>2</sequence>
  <logger>global</logger>
  <level>INFO</level>
  <class>logging.MyLogger</class>
  <method>setupFromFile</method>
  <thread>1</thread>
  <message>Logger is configured</message>
</record>
<record>
  <date>2023-05-17T14:36:51.838914Z</date>
  <millis>1684334211838</millis>
  <nanos>914000</nanos>
  <sequence>3</sequence>
  <logger>global</logger>
  <level>INFO</level>
  <class>db.jdbc.JDBCManager</class>
  <method>connect</method>
  <thread>1</thread>
  <message>Se ha inicializado la base de datos</message>
</record>
<record>
  <date>2023-05-17T14:36:51.847097700Z</date>
  <millis>1684334211847</millis>
  <nanos>97700</nanos>
  <sequence>4</sequence>
  <logger>global</logger>
  <level>INFO</level>
  <class>db.jdbc.JDBCManager</class>
  <method>createTables</method>
  <thread>1</thread>
  <message>Tablas inicializadas correctamente</message>
</record>
<record>
  <date>2023-05-17T14:36:51.856541900Z</date>
  <millis>1684334211856</millis>
  <nanos>541900</nanos>
  <sequence>5</sequence>
  <logger>global</logger>
  <level>INFO</level>
  <class>db.jdbc.JDBCManager</class>
  <method>startTables</method>
  <thread>1</thread>
  <message>La tabla de compañias ya esta iniciada</message>
</record>
<record>
  <date>2023-05-17T14:36:51.858489400Z</date>
  <millis>1684334211858</millis>
  <nanos>489400</nanos>
  <sequence>6</sequence>
  <logger>global</logger>
  <level>INFO</level>
  <class>db.jdbc.JDBCManager</class>
  <method>startTables</method>
  <thread>1</thread>
  <message>La tabla de aeropuertos ya esta iniciada</message>
</record>
<record>
  <date>2023-05-17T14:36:51.861513900Z</date>
  <millis>1684334211861</millis>
  <nanos>513900</nanos>
  <sequence>7</sequence>
  <logger>global</logger>
  <level>INFO</level>
  <class>db.jdbc.JDBCManager</class>
  <method>startTables</method>
  <thread>1</thread>
  <message>Tablas inicializadas</message>
</record>
<record>
  <date>2023-05-17T14:36:53.835771Z</date>
  <millis>1684334213835</millis>
  <nanos>771000</nanos>
  <sequence>8</sequence>
  <logger>global</logger>
  <level>INFO</level>
  <class>ui.Menu</class>
  <method>main</method>
  <thread>1</thread>
  <message>USTED HA ELEGIDO 1
</message>
</record>
<record>
  <date>2023-05-17T14:36:54.768167800Z</date>
  <millis>1684334214768</millis>
  <nanos>167800</nanos>
  <sequence>9</sequence>
  <logger>global</logger>
  <level>INFO</level>
  <class>ui.Menu</class>
  <method>registrarse</method>
  <thread>1</thread>
  <message>USTED HA ELEGIDO 3
</message>
</record>
