<?xml version="1.0" encoding="UTF-8" standalone="no"?>
<!DOCTYPE log SYSTEM "logger.dtd">
<log>
<record>
  <date>2023-05-20T19:15:49.453141600Z</date>
  <millis>1684610149453</millis>
  <nanos>141600</nanos>
  <sequence>2</sequence>
  <logger>global</logger>
  <level>INFO</level>
  <class>logging.MyLogger</class>
  <method>setupFromFile</method>
  <thread>1</thread>
  <message>Logger is configured</message>
</record>
<record>
  <date>2023-05-20T19:15:49.692297700Z</date>
  <millis>1684610149692</millis>
  <nanos>297700</nanos>
  <sequence>3</sequence>
  <logger>global</logger>
  <level>INFO</level>
  <class>db.jdbc.JDBCManager</class>
  <method>connect</method>
  <thread>1</thread>
  <message>Se ha inicializado la base de datos</message>
</record>
<record>
  <date>2023-05-20T19:15:49.737889300Z</date>
  <millis>1684610149737</millis>
  <nanos>889300</nanos>
  <sequence>4</sequence>
  <logger>global</logger>
  <level>INFO</level>
  <class>db.jdbc.JDBCManager</class>
  <method>createTables</method>
  <thread>1</thread>
  <message>Tablas inicializadas correctamente</message>
</record>
<record>
  <date>2023-05-20T19:15:49.747219700Z</date>
  <millis>1684610149747</millis>
  <nanos>219700</nanos>
  <sequence>5</sequence>
  <logger>global</logger>
  <level>INFO</level>
  <class>db.jdbc.JDBCManager</class>
  <method>startTables</method>
  <thread>1</thread>
  <message>Se ha introducido los datos predeterminado a la tabla de compañias</message>
</record>
<record>
  <date>2023-05-20T19:15:49.754238400Z</date>
  <millis>1684610149754</millis>
  <nanos>238400</nanos>
  <sequence>6</sequence>
  <logger>global</logger>
  <level>INFO</level>
  <class>db.jdbc.JDBCManager</class>
  <method>startTables</method>
  <thread>1</thread>
  <message>Se ha introducido los datos predeterminado a la tabla de aeropuertos</message>
</record>
<record>
  <date>2023-05-20T19:15:50.557906700Z</date>
  <millis>1684610150557</millis>
  <nanos>906700</nanos>
  <sequence>7</sequence>
  <logger>global</logger>
  <level>INFO</level>
  <class>db.jdbc.JDBCManager</class>
  <method>startTables</method>
  <thread>1</thread>
  <message>Tablas inicializadas</message>
</record>
